[Message:   BepInEx] BepInEx 5.4.21.0 - ULTRAKILL (8/11/2025 2:54:28 PM)
[Info   :   BepInEx] Running under Unity v2019.4.40.16762411
[Info   :   BepInEx] CLR runtime version: 4.0.30319.17020
[Info   :   BepInEx] Supports SRE: False
[Info   :   BepInEx] System platform: Bits64, Windows
[Message:   BepInEx] Preloader started
[Info   :   BepInEx] Loaded 1 patcher method from [BepInEx.Preloader 5.4.21.0]
[Info   :   BepInEx] 1 patcher plugin loaded
[Info   :   BepInEx] Patching [UnityEngine.CoreModule] with [BepInEx.Chainloader]
[Message:   BepInEx] Preloader finished
[Message:   BepInEx] Chainloader ready
[Message:   BepInEx] Chainloader started
[Info   :   BepInEx] 1 plugins to load
[Info   :   BepInEx] Loading [Jaket 1.3.42]
[Message:   BepInEx] Chainloader startup complete
[Info   : Unity Log] C:/Program Files (x86)/Steam/steamapps/content/app_1229490/depot_1229491/ULTRAKILL_Data/StreamingAssets/aa
[Info   : Unity Log] (LoadSceneAsync) Loading scene Intro
[Info   : Unity Log] <color=#CFCF3E>[Jaket]</color> <color=#F9F9D3>Loading jaket...</color>
[Info   : Unity Log] (LoadSceneAsync) Loading scene Main Menu
[Info   : Unity Log] /Keyboard/0
[Info   : Unity Log] <color=#50ADD8>[Discord]</color> <color=#CCE6F0>Couldn't initialize Discord</color>
[Info   : Unity Log] <color=#4AC1E4>[Steam]</color> <color=#CCEDFF>Steam initialized!</color>
[Info   : Unity Log] <color=#CFCF3E>[Jaket]</color> <color=#F9F9D3>Checking for updates...</color>
[Info   : Unity Log] <color=#CFCF3E>[Jaket]</color> <color=#F9F9D3>Loaded 97 lines of English (en) locale</color>
[Info   : Unity Log] <color=#CFCF3E>[Jaket]</color> <color=#F9F9D3>Loaded 0 sprays: </color>
[Info   : Unity Log] <color=#CFCF3E>[Jaket]</color> <color=#F9F9D3>Jaket initialized!</color>
[Info   : Unity Log] <color=#CFCF3E>[Jaket]</color> <color=#F9F9D3><color=#BBBBBB>Leaving the lobby...</color></color>
[Info   : Unity Log] <color=#CFCF3E>[Jaket]</color> <color=#F9F9D3><color=#BBBBBB>Lobby status updated: cl is null, owner is null</color></color>
[Info   : Unity Log] <color=#5494EE>[Presence]</color> <color=#CCE0FF>Scene loaded: Main Menu</color>
